<?xml version="1.0" encoding="UTF-8"?>
<testExecutions version="1">
  <file path="/Users/caym/Documents/GitHub/workspace-nx/apps/services/entity/user/src/app/user/user.service.spec.ts">
    <testCase name="UserService should be defined" duration="2"/>
  </file>
  <file path="/Users/caym/Documents/GitHub/workspace-nx/apps/services/entity/user/src/app/user/user.controller.spec.ts">
    <testCase name="UserController should be defined" duration="2"/>
    <testCase name="UserController should create a user" duration="1"/>
    <testCase name="UserController should find all users" duration="0"/>
    <testCase name="UserController should find a user by id" duration="0"/>
    <testCase name="UserController should update a user" duration="0"/>
    <testCase name="UserController should remove a user" duration="1"/>
  </file>
</testExecutions>